app/build/outputs/logs/manifest-merger-debug-report.txt
-- Merging decision tree log ---
manifest
ADDED from src\main\AndroidManifest.xml:2:1-33:12
INJECTED from src\main\AndroidManifest.xml:2:1-33:12
INJECTED from src\main\AndroidManifest.xml:2:1-33:12
INJECTED from src\main\AndroidManifest.xml:2:1-33:12
INJECTED from src\main\AndroidManifest.xml:2:1-33:12
INJECTED from src\main\AndroidManifest.xml:2:1-33:12
INJECTED from src\main\AndroidManifest.xml:2:1-33:12
	package
		ADDED from src\main\AndroidManifest.xml:3:2-22
		INJECTED from src\main\AndroidManifest.xml
		INJECTED from src\main\AndroidManifest.xml
	android:versionName
		ADDED from src\main\AndroidManifest.xml:5:2-27
		INJECTED from src\main\AndroidManifest.xml
		INJECTED from src\main\AndroidManifest.xml
	xmlns:android
		ADDED from src\main\AndroidManifest.xml:2:11-69
	android:versionCode
		ADDED from src\main\AndroidManifest.xml:4:2-25
		INJECTED from src\main\AndroidManifest.xml
		INJECTED from src\main\AndroidManifest.xml
application
ADDED from src\main\AndroidManifest.xml:6:2-29:16
	android:label
		ADDED from src\main\AndroidManifest.xml:8:3-35
	android:icon
		ADDED from src\main\AndroidManifest.xml:7:3-39
activity#pe.sbk.stt.SpeechToTextActivity
ADDED from src\main\AndroidManifest.xml:9:3-15:14
	android:label
		ADDED from src\main\AndroidManifest.xml:10:4-36
	android:name
		ADDED from src\main\AndroidManifest.xml:11:4-40
intent-filter#android.intent.category.DEFAULT
ADDED from src\main\AndroidManifest.xml:12:4-14:20
category#android.intent.category.DEFAULT
ADDED from src\main\AndroidManifest.xml:13:5-64
	android:name
		ADDED from src\main\AndroidManifest.xml:13:15-61
activity#pe.sbk.stt.IntroScreen
ADDED from src\main\AndroidManifest.xml:17:3-23:14
	android:name
		ADDED from src\main\AndroidManifest.xml:18:4-31
intent-filter#android.intent.action.MAIN+android.intent.category.LAUNCHER
ADDED from src\main\AndroidManifest.xml:19:4-22:20
action#android.intent.action.MAIN
ADDED from src\main\AndroidManifest.xml:20:5-57
	android:name
		ADDED from src\main\AndroidManifest.xml:20:13-54
category#android.intent.category.LAUNCHER
ADDED from src\main\AndroidManifest.xml:21:5-65
	android:name
		ADDED from src\main\AndroidManifest.xml:21:15-62
activity#pe.sbk.stt.CustomUIActivity
ADDED from src\main\AndroidManifest.xml:26:3-28:55
	android:theme
		ADDED from src\main\AndroidManifest.xml:28:4-52
	android:name
		ADDED from src\main\AndroidManifest.xml:27:4-36
uses-permission#android.permission.INTERNET
ADDED from src\main\AndroidManifest.xml:30:2-63
	android:name
		ADDED from src\main\AndroidManifest.xml:30:19-61
uses-permission#android.permission.RECORD_AUDIO
ADDED from src\main\AndroidManifest.xml:31:2-67
	android:name
		ADDED from src\main\AndroidManifest.xml:31:19-65
uses-sdk
ADDED from src\main\AndroidManifest.xml:32:2-40
INJECTED from src\main\AndroidManifest.xml:32:2-40
INJECTED from src\main\AndroidManifest.xml:32:2-40
INJECTED from src\main\AndroidManifest.xml:32:2-40
INJECTED from src\main\AndroidManifest.xml:32:2-40
	android:targetSdkVersion
		INJECTED from src\main\AndroidManifest.xml
		ADDED from src\main\AndroidManifest.xml:32:2-40
		INJECTED from src\main\AndroidManifest.xml
	android:minSdkVersion
		ADDED from src\main\AndroidManifest.xml:32:12-37
		INJECTED from src\main\AndroidManifest.xml
		INJECTED from src\main\AndroidManifest.xml